<?xml version="1.0" encoding="UTF-8"?>
<!-- Generated by org.testng.reporters.JUnitReportReporter -->
<testsuite skipped="0" hostname="DESKTOP-GNC5L7A" name="databaseTest.TestDatabase" tests="2" failures="0" timestamp="2020-01-17T18:53:39 EST" time="0.418" errors="0">
  <testcase name="validate2" time="0.015" classname="databaseTest.TestDatabase"/>
  <testcase name="validate" time="0.403" classname="databaseTest.TestDatabase"/>
</testsuite> <!-- databaseTest.TestDatabase -->
